[2019-12-07T18:13:54.579Z] [error] => request entity too large
[2019-12-07T18:13:54.792Z] [error] => request entity too large
[2019-12-07T18:13:54.821Z] [error] => request entity too large
[2019-12-07T18:13:55.013Z] [error] => request entity too large
[2019-12-07T18:13:55.191Z] [error] => request entity too large
[2019-12-07T18:13:55.439Z] [error] => request entity too large
[2019-12-07T18:13:55.672Z] [error] => request entity too large
[2019-12-07T18:13:56.049Z] [error] => request entity too large
[2019-12-08T00:56:47.781Z] [error] => path must be absolute or specify root to res.sendFile
[2019-12-08T00:56:49.533Z] [error] => path must be absolute or specify root to res.sendFile
[2019-12-08T00:56:51.443Z] [error] => path must be absolute or specify root to res.sendFile
[2019-12-08T00:57:19.246Z] [error] => path must be absolute or specify root to res.sendFile
[2019-12-08T01:01:53.664Z] [error] => path must be absolute or specify root to res.sendFile
[2019-12-08T01:01:58.886Z] [error] => URI malformed
[2019-12-08T01:01:58.890Z] [error] => path must be absolute or specify root to res.sendFile
[2019-12-08T01:02:18.762Z] [error] => path must be absolute or specify root to res.sendFile
[2019-12-08T01:02:21.901Z] [error] => path must be absolute or specify root to res.sendFile
[2019-12-08T01:03:37.222Z] [error] => path must be absolute or specify root to res.sendFile
[2019-12-08T01:03:38.752Z] [error] => path must be absolute or specify root to res.sendFile
[2019-12-08T01:04:02.959Z] [error] => path must be absolute or specify root to res.sendFile
[2019-12-08T01:28:43.415Z] [error] => path must be absolute or specify root to res.sendFile
[2019-12-08T12:55:03.321Z] [info] => serverConfig: [object Object]
[2019-12-08T12:55:39.121Z] [info] => serverConfig: [object Object]
[2019-12-08T13:48:30.132Z] [info] => serverConfig: [object Object]
[2019-12-08T13:55:51.461Z] [info] => serverConfig: [object Object]
[2019-12-08T13:55:54.661Z] [info] => serverConfig: [object Object]
[2019-12-08T13:56:47.009Z] [info] => serverConfig: [object Object]
[2019-12-08T13:59:27.151Z] [info] => serverConfig: [object Object]
[2019-12-08T14:00:45.485Z] [info] => serverConfig: [object Object]
[2019-12-08T14:01:31.181Z] [info] => serverConfig: [object Object]
[2019-12-08T14:01:37.495Z] [info] => serverConfig: [object Object]
[2019-12-08T14:04:10.900Z] [info] => serverConfig: [object Object]
[2019-12-08T14:05:38.493Z] [info] => serverConfig: [object Object]
[2019-12-08T14:09:54.639Z] [info] => serverConfig: [object Object]
[2019-12-08T14:10:11.663Z] [info] => serverConfig: [object Object]
[2019-12-08T14:10:20.404Z] [info] => serverConfig: [object Object]
[2019-12-08T14:13:35.571Z] [info] => serverConfig: [object Object]
[2019-12-08T14:13:41.484Z] [info] => serverConfig: [object Object]
[2019-12-08T14:13:49.946Z] [info] => serverConfig: [object Object]
[2019-12-08T14:13:50.062Z] [info] => Login:
[2019-12-08T14:13:50.063Z] [info] => [object Object]
[2019-12-08T14:15:06.501Z] [info] => serverConfig: [object Object]
[2019-12-08T14:15:20.225Z] [info] => serverConfig: [object Object]
[2019-12-08T14:15:20.293Z] [info] => Login:
[2019-12-08T14:15:20.293Z] [info] => eneto.olveda@gmail.com
[2019-12-08T14:16:40.293Z] [info] => serverConfig: [object Object]
[2019-12-08T14:16:40.359Z] [info] => Login:
[2019-12-08T14:16:40.359Z] [info] => eneto.olveda@gmail.com
[2019-12-08T14:18:05.293Z] [info] => serverConfig: [object Object]
[2019-12-08T14:18:05.362Z] [info] => Login:
[2019-12-08T14:18:05.363Z] [info] => eneto.olveda@gmail.com
[2019-12-08T14:19:35.549Z] [info] => serverConfig: [object Object]
[2019-12-08T14:21:20.276Z] [info] => serverConfig: [object Object]
[2019-12-08T14:22:21.333Z] [info] => serverConfig: [object Object]
[2019-12-08T14:22:21.389Z] [info] => Login:
[2019-12-08T14:22:21.389Z] [info] => undefined
[2019-12-08T14:23:09.199Z] [info] => serverConfig: [object Object]
[2019-12-08T14:23:09.267Z] [info] => Login:
[2019-12-08T14:23:09.268Z] [info] => eneto.olveda@gmail.com
[2019-12-08T14:23:43.918Z] [info] => serverConfig: [object Object]
[2019-12-08T14:23:43.973Z] [info] => Login:
[2019-12-08T14:23:43.973Z] [info] => undefined
[2019-12-08T14:24:07.206Z] [info] => serverConfig: [object Object]
[2019-12-08T14:24:43.235Z] [info] => serverConfig: [object Object]
[2019-12-08T14:24:43.295Z] [info] => Login:
[2019-12-08T14:24:43.295Z] [info] => eneto.olveda@gmail.com
[2019-12-08T14:25:14.591Z] [info] => serverConfig: [object Object]
[2019-12-08T14:25:14.654Z] [info] => Login:
[2019-12-08T14:25:14.654Z] [info] => eneto.olveda@gmail.com
[2019-12-08T14:26:00.392Z] [info] => serverConfig: [object Object]
[2019-12-08T14:26:00.457Z] [info] => Login:
[2019-12-08T14:26:00.457Z] [info] => undefined
[2019-12-08T14:27:17.465Z] [info] => serverConfig: [object Object]
[2019-12-08T14:27:17.527Z] [info] => Login:
[2019-12-08T14:27:17.527Z] [info] => undefined
[2019-12-08T14:30:15.199Z] [info] => serverConfig: [object Object]
[2019-12-08T14:31:03.538Z] [info] => serverConfig: [object Object]
[2019-12-08T14:31:03.589Z] [info] => Login:
[2019-12-08T14:31:03.589Z] [info] => undefined
[2019-12-08T14:32:29.547Z] [info] => serverConfig: [object Object]
[2019-12-08T14:32:42.418Z] [info] => serverConfig: [object Object]
[2019-12-08T14:32:53.250Z] [info] => serverConfig: [object Object]
[2019-12-08T14:32:53.306Z] [info] => Login:
[2019-12-08T14:33:39.033Z] [info] => serverConfig: [object Object]
[2019-12-08T14:34:24.611Z] [info] => serverConfig: [object Object]
[2019-12-08T14:34:24.678Z] [info] => Login:
[2019-12-08T14:34:53.566Z] [info] => serverConfig: [object Object]
[2019-12-08T14:34:53.628Z] [info] => Login:
[2019-12-08T14:35:54.478Z] [info] => serverConfig: [object Object]
[2019-12-08T14:35:54.542Z] [info] => Login:
[2019-12-08T14:37:00.449Z] [info] => serverConfig: [object Object]
[2019-12-08T14:37:43.544Z] [info] => serverConfig: [object Object]
[2019-12-08T14:37:43.610Z] [info] => Login:
[2019-12-08T14:40:06.861Z] [info] => serverConfig: [object Object]
[2019-12-08T14:40:24.583Z] [info] => serverConfig: [object Object]
[2019-12-08T14:40:31.962Z] [info] => serverConfig: [object Object]
[2019-12-08T14:40:32.033Z] [info] => Login:
[2019-12-08T14:40:32.036Z] [info] => validateLogin
[2019-12-08T14:40:32.042Z] [info] => 
[2019-12-08T14:41:23.278Z] [info] => serverConfig: [object Object]
[2019-12-08T14:41:43.941Z] [info] => serverConfig: [object Object]
[2019-12-08T14:41:50.106Z] [info] => serverConfig: [object Object]
[2019-12-08T14:43:30.082Z] [info] => serverConfig: [object Object]
[2019-12-08T14:44:10.217Z] [info] => serverConfig: [object Object]
[2019-12-08T14:44:55.851Z] [info] => serverConfig: [object Object]
[2019-12-08T14:45:22.612Z] [info] => serverConfig: [object Object]
[2019-12-08T14:45:33.468Z] [info] => serverConfig: [object Object]
[2019-12-08T14:45:33.542Z] [info] => login eneto.trol@gmail.com
[2019-12-08T14:45:33.543Z] [info] => validateLogin
[2019-12-08T14:45:33.547Z] [info] => 
[2019-12-08T14:45:33.594Z] [warn] => user not found: eneto.trol@gmail.com
[2019-12-08T14:46:45.131Z] [info] => serverConfig: [object Object]
[2019-12-08T14:46:45.205Z] [info] => login eneto.trol@gmail.com
[2019-12-08T14:46:45.206Z] [info] => validateLogin
[2019-12-08T14:46:45.211Z] [info] => 
[2019-12-08T14:46:45.286Z] [warn] => user not found: eneto.trol@gmail.com
[2019-12-08T14:54:08.442Z] [info] => serverConfig: [object Object]
[2019-12-08T14:54:08.509Z] [info] => login eneto.trol@gmail.com
[2019-12-08T14:54:08.509Z] [info] => validateLogin
[2019-12-08T14:54:08.515Z] [info] => 
[2019-12-08T14:54:08.564Z] [warn] => user not found: eneto.trol@gmail.com
[2019-12-08T14:54:08.868Z] [error] => Unexpected token e in JSON at position 0
[2019-12-08T14:55:43.867Z] [info] => serverConfig: [object Object]
[2019-12-08T14:55:43.935Z] [info] => login eneto.trol@gmail.com
[2019-12-08T14:55:43.935Z] [info] => validateLogin
[2019-12-08T14:55:43.940Z] [info] => 
[2019-12-08T14:55:43.987Z] [warn] => user not found: eneto.trol@gmail.com
[2019-12-08T15:00:38.956Z] [info] => serverConfig: [object Object]
[2019-12-08T15:02:00.332Z] [info] => serverConfig: [object Object]
[2019-12-08T15:02:42.707Z] [info] => serverConfig: [object Object]
[2019-12-08T15:02:59.264Z] [info] => serverConfig: [object Object]
[2019-12-08T15:06:12.417Z] [info] => serverConfig: [object Object]
[2019-12-08T15:06:12.486Z] [info] => login eneto.trol@gmail.com
[2019-12-08T15:06:12.487Z] [info] => validateLogin
[2019-12-08T15:06:12.492Z] [info] => 
[2019-12-08T15:06:12.565Z] [warn] => user not found: eneto.trol@gmail.com
[2019-12-08T15:13:18.422Z] [info] => serverConfig: [object Object]
[2019-12-08T15:13:18.484Z] [info] => login eneto.trol@gmail.com
[2019-12-08T15:13:18.485Z] [info] => validateLogin
[2019-12-08T15:13:18.491Z] [info] => 
[2019-12-08T15:13:18.540Z] [warn] => user not found: eneto.trol@gmail.com
[2019-12-08T15:15:10.731Z] [info] => serverConfig: [object Object]
[2019-12-08T15:16:22.637Z] [info] => login undefined
[2019-12-08T15:16:22.639Z] [info] => validateLogin
[2019-12-08T15:16:22.639Z] [info] => [object Object],[object Object]
[2019-12-08T15:16:22.639Z] [warn] => [object Object],[object Object]
[2019-12-08T15:16:33.814Z] [info] => login undefined
[2019-12-08T15:16:33.814Z] [info] => validateLogin
[2019-12-08T15:16:33.816Z] [info] => [object Object],[object Object]
[2019-12-08T15:16:33.816Z] [warn] => [object Object],[object Object]
[2019-12-08T15:16:54.339Z] [info] => login ernesto.jara06@gmail.com
[2019-12-08T15:16:54.347Z] [info] => validateLogin
[2019-12-08T15:16:54.352Z] [info] => 
[2019-12-08T18:12:05.225Z] [info] => serverConfig: [object Object]
[2019-12-08T18:13:06.226Z] [info] => serverConfig: [object Object]
[2019-12-08T18:13:22.939Z] [error] => URI malformed
