[2019-12-14T08:46:47.107Z] [info] => Will not be logged in either transport! undefined
[2019-12-14T08:46:47.116Z] [info] => Will be logged in both transports! undefined
[2019-12-14T08:46:48.371Z] [info] => server runnning stuff undefined
[2019-12-14T08:46:48.596Z] [info] => sinced undefined
[2019-12-14T08:47:31.374Z] [info] => Will not be logged in either transport! undefined
[2019-12-14T08:47:31.380Z] [info] => Will be logged in both transports! undefined
[2019-12-14T08:47:31.498Z] [info] => server runnning stuff undefined
[2019-12-14T08:47:31.633Z] [info] => sinced undefined
[2019-12-14T08:48:40.970Z] [info] => login  undefined
[2019-12-14T08:48:40.971Z] [info] => validateLogin undefined
[2019-12-14T08:48:40.972Z] [warn] => invalid login:  [object Object]
[2019-12-14T08:51:10.349Z] [info] => Will not be logged in either transport! undefined
[2019-12-14T08:51:10.355Z] [info] => Will be logged in both transports! undefined
[2019-12-14T08:51:10.464Z] [info] => server runnning stuff undefined
[2019-12-14T08:51:10.600Z] [info] => sinced undefined
[2019-12-14T08:58:11.888Z] [info] => Will not be logged in either transport! undefined
[2019-12-14T08:58:11.894Z] [info] => Will be logged in both transports! undefined
[2019-12-14T08:58:12.003Z] [info] => server runnning stuff undefined
[2019-12-14T08:58:12.066Z] [info] => sinced undefined
[2019-12-14T08:58:40.557Z] [info] => login  undefined
[2019-12-14T08:58:40.558Z] [info] => validateLogin undefined
[2019-12-14T08:58:40.559Z] [warn] => invalid login:  [object Object]
[2019-12-14T09:06:50.965Z] [[33minfo[39m] => Will not be logged in either transport! undefined
[2019-12-14T09:06:50.971Z] [[33minfo[39m] => Will be logged in both transports! undefined
[2019-12-14T09:06:51.079Z] [[33minfo[39m] => server runnning stuff undefined
[2019-12-14T09:06:51.139Z] [[33minfo[39m] => sinced undefined
[2019-12-14T09:16:55.334Z] [[33minfo[39m] e[38;5;13m=> Will not be logged in either transport! undefined
[2019-12-14T09:16:55.339Z] [[33minfo[39m] e[38;5;13m=> Will be logged in both transports! undefined
[2019-12-14T09:16:55.455Z] [[33minfo[39m] e[38;5;13m=> server runnning stuff undefined
[2019-12-14T09:16:55.517Z] [[33minfo[39m] e[38;5;13m=> sinced undefined
[2019-12-14T09:18:45.613Z] [[33minfo[39m] "e[38;5;13m=>" Will not be logged in either transport! undefined
[2019-12-14T09:18:45.619Z] [[33minfo[39m] "e[38;5;13m=>" Will be logged in both transports! undefined
[2019-12-14T09:18:45.730Z] [[33minfo[39m] "e[38;5;13m=>" server runnning stuff undefined
[2019-12-14T09:18:45.785Z] [[33minfo[39m] [[38;5;13m=>[39m] sinced undefined
[2019-12-14T09:20:19.362Z] [[33minfo[39m] "e[38;5;13m=>" Will not be logged in either transport! undefined
[2019-12-14T09:20:19.368Z] [[33minfo[39m] "e[38;5;13m=>" Will be logged in both transports! undefined
[2019-12-14T09:20:19.480Z] [[33minfo[39m] "e[38;5;13m=>" server runnning stuff undefined
[2019-12-14T09:20:19.537Z] [[33minfo[39m] "e[38;5;13m=>" sinced undefined
[2019-12-14T09:21:39.046Z] [[33minfo[39m] [[38;5;13m=>[39m] Will not be logged in either transport! undefined
[2019-12-14T09:21:39.052Z] [[33minfo[39m] [[38;5;13m=>[39m] Will be logged in both transports! undefined
[2019-12-14T09:21:39.166Z] [[33minfo[39m] [[38;5;13m=>[39m] server runnning stuff undefined
[2019-12-14T09:21:39.222Z] [[33minfo[39m] [[38;5;13m=>[39m] sinced undefined
[2019-12-14T09:22:12.071Z] [[33minfo[39m] [38;5;13m=>[39m Will not be logged in either transport! undefined
[2019-12-14T09:22:12.077Z] [[33minfo[39m] [38;5;13m=>[39m Will be logged in both transports! undefined
[2019-12-14T09:22:12.185Z] [[33minfo[39m] [38;5;13m=>[39m server runnning stuff undefined
[2019-12-14T09:22:12.241Z] [[33minfo[39m] [38;5;13m=>[39m sinced undefined
[2019-12-14T09:22:44.095Z] [[33m[1minfo[22m[39m] [38;5;13m=>[39m Will not be logged in either transport! undefined
[2019-12-14T09:22:44.101Z] [[33m[1minfo[22m[39m] [38;5;13m=>[39m Will be logged in both transports! undefined
[2019-12-14T09:22:44.210Z] [[33m[1minfo[22m[39m] [38;5;13m=>[39m server runnning stuff undefined
[2019-12-14T09:22:44.268Z] [[33m[1minfo[22m[39m] [38;5;13m=>[39m sinced undefined
[2019-12-14T09:23:47.081Z] [[33m[1minfo[22m[39m] [38;5;13m=>[22m[39m[39m Will not be logged in either transport! undefined
[2019-12-14T09:23:47.086Z] [[33m[1minfo[22m[39m] [38;5;13m=>[22m[39m[39m Will be logged in both transports! undefined
[2019-12-14T09:23:47.195Z] [[33m[1minfo[22m[39m] [38;5;13m=>[22m[39m[39m server runnning stuff undefined
[2019-12-14T09:23:47.250Z] [[33m[1minfo[22m[39m] [38;5;13m=>[22m[39m[39m sinced undefined
[2019-12-14T09:24:45.318Z] [[33m[1minfo[22m[39m] [38;5;13m[33m[1m=>[22m[39m Will not be logged in either transport! undefined
[2019-12-14T09:24:45.323Z] [[33m[1minfo[22m[39m] [38;5;13m[33m[1m=>[22m[39m Will be logged in both transports! undefined
[2019-12-14T09:24:45.434Z] [[33m[1minfo[22m[39m] [38;5;13m[33m[1m=>[22m[39m server runnning stuff undefined
[2019-12-14T09:24:45.488Z] [[33m[1minfo[22m[39m] [38;5;13m[33m[1m=>[22m[39m sinced undefined
[2019-12-14T09:25:06.737Z] [[33m[1minfo[22m[39m] [38;5;13m[1m=>[22m[39m Will not be logged in either transport! undefined
[2019-12-14T09:25:06.742Z] [[33m[1minfo[22m[39m] [38;5;13m[1m=>[22m[39m Will be logged in both transports! undefined
[2019-12-14T09:25:06.849Z] [[33m[1minfo[22m[39m] [38;5;13m[1m=>[22m[39m server runnning stuff undefined
[2019-12-14T09:25:06.906Z] [[33m[1minfo[22m[39m] [38;5;13m[1m=>[22m[39m sinced undefined
[2019-12-14T09:34:46.781Z] [[33m[1m[40minfo[49m[22m[39m] [38;5;13m[1m=>[22m[39m Will not be logged in either transport! undefined
[2019-12-14T09:34:46.789Z] [[33m[1m[40minfo[49m[22m[39m] [38;5;13m[1m=>[22m[39m Will be logged in both transports! undefined
[2019-12-14T09:34:46.962Z] [[33m[1m[40minfo[49m[22m[39m] [38;5;13m[1m=>[22m[39m server runnning stuff undefined
[40m[1m[37m[2019-12-14T09:34:47.042Z][39m [[33m[1m[40minfo[49m[22m[39m] [38;5;13m[1m=>[22m[39m sinced undefined
[2019-12-14T09:37:43.351Z] [[33m[1m[37minfo[33m[22m[39m] [38;5;13m[1m=>[22m[39m Will not be logged in either transport! undefined
[2019-12-14T09:37:43.358Z] [[33m[1m[37minfo[33m[22m[39m] [38;5;13m[1m=>[22m[39m Will be logged in both transports! undefined
[2019-12-14T09:37:43.482Z] [[33m[1m[37minfo[33m[22m[39m] [38;5;13m[1m=>[22m[39m server runnning stuff undefined
[2019-12-14T09:37:43.550Z] [[33m[1m[37minfo[33m[22m[39m] [38;5;13m[1m=>[22m[39m sinced undefined
[2019-12-15T04:14:10.027Z] [[33m[1m[37minfo[33m[22m[39m] [38;5;13m[1m=>[22m[39m Will not be logged in either transport! undefined
[2019-12-15T04:14:10.033Z] [[33m[1m[37minfo[33m[22m[39m] [38;5;13m[1m=>[22m[39m Will be logged in both transports! undefined
[2019-12-15T04:14:11.215Z] [[33m[1m[37minfo[33m[22m[39m] [38;5;13m[1m=>[22m[39m server runnning stuff undefined
[2019-12-15T04:14:11.245Z] [[31merror[39m] [38;5;13m[1m=>[22m[39m connect ECONNREFUSED 127.0.0.1:54320 undefined
[2019-12-15T04:15:36.977Z] [[33m[1m[37minfo[33m[22m[39m] [38;5;13m[1m=>[22m[39m Will not be logged in either transport! undefined
[2019-12-15T04:15:36.983Z] [[33m[1m[37minfo[33m[22m[39m] [38;5;13m[1m=>[22m[39m Will be logged in both transports! undefined
[2019-12-15T04:15:37.092Z] [[33m[1m[37minfo[33m[22m[39m] [38;5;13m[1m=>[22m[39m server runnning stuff undefined
[2019-12-15T04:15:37.727Z] [[33m[1m[37minfo[33m[22m[39m] [38;5;13m[1m=>[22m[39m sinced undefined
[2019-12-15T04:16:54.376Z] [[33m[1m[37minfo[33m[22m[39m] [38;5;13m[1m=>[22m[39m Will not be logged in either transport! undefined
[2019-12-15T04:16:54.383Z] [[33m[1m[37minfo[33m[22m[39m] [38;5;13m[1m=>[22m[39m Will be logged in both transports! undefined
[2019-12-15T04:16:54.500Z] [[33m[1m[37minfo[33m[22m[39m] [38;5;13m[1m=>[22m[39m server runnning stuff undefined
[2019-12-15T04:16:54.557Z] [[33m[1m[37minfo[33m[22m[39m] [38;5;13m[1m=>[22m[39m sinced undefined
[2019-12-15T04:19:52.693Z] [[33m[1m[37minfo[33m[22m[39m] [38;5;13m[1m=>[22m[39m Will not be logged in either transport! undefined
[2019-12-15T04:19:52.699Z] [[33m[1m[37minfo[33m[22m[39m] [38;5;13m[1m=>[22m[39m Will be logged in both transports! undefined
[2019-12-15T04:19:52.809Z] [[33m[1m[37minfo[33m[22m[39m] [38;5;13m[1m=>[22m[39m server runnning stuff undefined
[2019-12-15T04:19:52.868Z] [[33m[1m[37minfo[33m[22m[39m] [38;5;13m[1m=>[22m[39m sinced undefined
[2019-12-15T04:22:10.296Z] [[33m[1m[37minfo[33m[22m[39m] [38;5;13m[1m=>[22m[39m Will not be logged in either transport! undefined
[2019-12-15T04:22:10.302Z] [[33m[1m[37minfo[33m[22m[39m] [38;5;13m[1m=>[22m[39m Will be logged in both transports! undefined
[2019-12-15T04:22:10.413Z] [[33m[1m[37minfo[33m[22m[39m] [38;5;13m[1m=>[22m[39m server runnning stuff undefined
[2019-12-15T04:22:10.472Z] [[33m[1m[37minfo[33m[22m[39m] [38;5;13m[1m=>[22m[39m sinced undefined
[2019-12-15T04:22:53.292Z] [[33m[1m[37minfo[33m[22m[39m] [38;5;13m[1m=>[22m[39m Will not be logged in either transport! undefined
[2019-12-15T04:22:53.298Z] [[33m[1m[37minfo[33m[22m[39m] [38;5;13m[1m=>[22m[39m Will be logged in both transports! undefined
[2019-12-15T04:22:53.406Z] [[33m[1m[37minfo[33m[22m[39m] [38;5;13m[1m=>[22m[39m server runnning stuff undefined
[2019-12-15T04:22:53.460Z] [[33m[1m[37minfo[33m[22m[39m] [38;5;13m[1m=>[22m[39m sinced undefined
[2019-12-15T04:24:03.292Z] [[33m[1m[37minfo[33m[22m[39m] [38;5;13m[1m=>[22m[39m Will not be logged in either transport! undefined
[2019-12-15T04:24:03.298Z] [[33m[1m[37minfo[33m[22m[39m] [38;5;13m[1m=>[22m[39m Will be logged in both transports! undefined
[2019-12-15T04:24:03.404Z] [[33m[1m[37minfo[33m[22m[39m] [38;5;13m[1m=>[22m[39m server runnning stuff undefined
[2019-12-15T04:24:03.457Z] [[33m[1m[37minfo[33m[22m[39m] [38;5;13m[1m=>[22m[39m sinced undefined
[2019-12-15T04:26:25.338Z] [[33m[1m[37minfo[33m[22m[39m] [38;5;13m[1m=>[22m[39m Will not be logged in either transport! undefined
[2019-12-15T04:26:25.344Z] [[33m[1m[37minfo[33m[22m[39m] [38;5;13m[1m=>[22m[39m Will be logged in both transports! undefined
[2019-12-15T04:26:25.454Z] [[33m[1m[37minfo[33m[22m[39m] [38;5;13m[1m=>[22m[39m server runnning stuff undefined
[2019-12-15T04:26:25.511Z] [[33m[1m[37minfo[33m[22m[39m] [38;5;13m[1m=>[22m[39m sinced undefined
[2019-12-15T05:19:31.365Z] [[33m[1m[37minfo[33m[22m[39m] [38;5;13m[1m=>[22m[39m Will not be logged in either transport! undefined
[2019-12-15T05:19:31.371Z] [[33m[1m[37minfo[33m[22m[39m] [38;5;13m[1m=>[22m[39m Will be logged in both transports! undefined
[2019-12-15T05:19:31.525Z] [[33m[1m[37minfo[33m[22m[39m] [38;5;13m[1m=>[22m[39m connected to db undefined
